2024/08/26 13:58:29.833618 dict.go:124: load [category,namecn] dicts from data, total 26216 word entries, cost 256 ms
2024/08/26 15:39:05.545352 dict.go:124: load [category,namecn] dicts from data, total 26216 word entries, cost 153 ms
2024/08/26 15:39:41.978816 dict.go:124: load [category,namecn] dicts from data, total 26216 word entries, cost 190 ms
2024/08/26 15:39:53.504473 dict.go:124: load [category,namecn] dicts from data, total 26216 word entries, cost 152 ms
2024/08/26 15:40:37.879370 dict.go:124: load [category,namecn] dicts from data, total 26216 word entries, cost 150 ms
2024/08/26 15:41:46.699674 dict.go:124: load [category,namecn] dicts from data, total 26216 word entries, cost 181 ms
2024/08/26 15:47:14.042677 dict.go:124: load [category,namecn] dicts from data, total 26216 word entries, cost 161 ms
2024/08/26 15:47:35.374166 dict.go:124: load [category,namecn] dicts from data, total 26216 word entries, cost 150 ms
2024/08/26 15:49:09.289843 dict.go:124: load [category,namecn] dicts from data, total 26216 word entries, cost 153 ms
2024/08/26 15:49:20.913764 dict.go:124: load [category,namecn] dicts from data, total 26216 word entries, cost 147 ms
2024/08/26 15:50:31.012968 dict.go:124: load [category,namecn] dicts from data, total 26216 word entries, cost 153 ms
2024/08/26 15:50:41.578480 dict.go:124: load [category,namecn] dicts from data, total 26216 word entries, cost 151 ms
2024/08/26 15:50:47.688698 dict.go:124: load [category,namecn] dicts from data, total 26216 word entries, cost 151 ms
2024/08/26 15:54:35.459104 dict.go:124: load [category,namecn] dicts from data, total 26216 word entries, cost 155 ms
2024/08/26 17:58:30.211060 dict.go:124: load [category,namecn] dicts from data, total 26216 word entries, cost 149 ms
2024/08/26 18:02:06.013542 dict.go:124: load [category,namecn] dicts from data, total 26216 word entries, cost 154 ms
2024/08/26 18:54:47.360412 dict.go:124: load [category,namecn] dicts from data, total 26216 word entries, cost 152 ms
2024/08/26 19:07:05.254924 dict.go:135: load [category,namecn] dicts from data, total 26216 word entries, cost 156 ms
2024/08/26 19:07:25.782372 dict.go:135: load [category,namecn] dicts from data, total 26216 word entries, cost 152 ms
2024/08/26 19:10:50.053831 dict.go:137: load [category,namecn] dicts from data, total 26216 word entries, cost 167 ms
2024/08/26 19:14:55.483037 dict.go:58: error when open dict file: E:\LTS\go-dict-tagging\data\category.json\namecn.json, open E:\LTS\go-dict-tagging\data\category.json\namecn.json: The system cannot find the path specified.
2024/08/26 19:15:31.101915 dict.go:58: error when open dict file: E:\LTS\go-dict-tagging\data\category.json\namecn.json, open E:\LTS\go-dict-tagging\data\category.json\namecn.json: The system cannot find the path specified.
2024/08/26 19:16:11.945449 dict.go:147: load [category,namecn] dicts from data, total 26216 word entries, cost 180 ms
2024/08/26 19:22:31.438901 dict.go:149: load [category,namecn] dicts from data, total 26216 word entries, cost 181 ms
2024/08/26 19:23:24.877597 dict.go:149: load [category,namecn] dicts from data, total 26216 word entries, cost 180 ms
2024/08/27 09:13:36.232690 dict.go:149: load [category,namecn] dicts from data, total 26216 word entries, cost 209 ms
2024/08/27 09:35:37.769515 handlePutApi.go:44: fileName: category.json, ext: .json, baseName: category.json
2024/08/27 09:40:50.575487 handlePutApi.go:44: fileName: category.json, ext: .json, baseName: category.json
2024/08/27 09:41:08.320343 dict.go:149: load [category] dicts from data, total 376 word entries, cost 3 ms
2024/08/27 09:41:41.061425 handlePutApi.go:44: fileName: namecn.json, ext: .json, baseName: namecn.json
2024/08/27 09:41:55.950330 dict.go:149: load [category,namecn] dicts from data, total 26216 word entries, cost 168 ms
2024/08/27 09:43:45.061592 dict.go:149: load [category,namecn] dicts from data, total 26216 word entries, cost 188 ms
2024/08/27 12:02:30.701202 dict.go:119: load dict [category namecn] from path E:\LTS\go-dict-tagging\data
2024/08/27 12:02:30.922704 dict.go:147: load [category,namecn] dicts from data, total 26216 word entries, cost 221 ms
2024/08/27 12:05:33.527799 dict.go:119: load dict [category namecn] from path E:\LTS\go-dict-tagging\data
2024/08/27 12:05:33.712625 dict.go:147: load [category,namecn] dicts from data, total 26216 word entries, cost 185 ms
2024/08/27 12:05:53.092558 dict.go:119: load dict [category namecn] from path E:\LTS\go-dict-tagging\data
2024/08/27 12:05:53.277492 dict.go:147: load [category,namecn] dicts from data, total 26216 word entries, cost 185 ms
2024/08/27 12:07:23.142038 dict.go:119: load dict [category namecn] from path E:\LTS\go-dict-tagging\data
2024/08/27 12:07:23.325032 dict.go:147: load [category,namecn] dicts from data, total 26216 word entries, cost 183 ms
2024/08/27 12:07:52.319672 dict.go:119: load dict [category namecn] from path E:\LTS\go-dict-tagging\data
2024/08/27 12:07:52.543766 dict.go:147: load [category,namecn] dicts from data, total 26216 word entries, cost 224 ms
2024/08/27 13:27:49.390168 dict.go:119: load dict [category namecn] from path E:\LTS\go-dict-tagging\data
2024/08/27 13:27:49.696827 dict.go:147: load [category,namecn] dicts from data, total 26216 word entries, cost 306 ms
2024/08/27 13:40:14.161225 dict.go:119: load dict [category namecn] from path E:\LTS\go-dict-tagging\data
2024/08/27 13:40:14.397570 dict.go:147: load [category,namecn] dicts from data, total 26216 word entries, cost 237 ms
2024/08/27 13:42:18.618115 dict.go:119: load dict [category namecn] from path E:\LTS\go-dict-tagging\data
2024/08/27 13:42:18.841935 dict.go:147: load [category,namecn] dicts from data, total 26216 word entries, cost 224 ms
2024/08/27 13:43:20.953236 dict.go:119: load dict [category namecn] from path E:\LTS\go-dict-tagging\data
2024/08/27 13:43:21.209873 dict.go:147: load [category,namecn] dicts from data, total 26216 word entries, cost 256 ms
2024/08/27 13:51:31.726873 dict.go:119: load dict [category namecn] from path E:\LTS\go-dict-tagging\data
2024/08/27 13:51:31.997026 dict.go:147: load [category,namecn] dicts from data, total 26216 word entries, cost 271 ms
